0 info it worked if it ends with ok
1 verbose cli [ '/usr/local/bin/node',
1 verbose cli   '/usr/local/bin/npm',
1 verbose cli   'install',
1 verbose cli   'nw-global' ]
2 info using npm@1.4.28
3 info using node@v0.10.32
4 warn package.json break-shot@0.1.0 No repository field.
5 warn package.json break-shot@0.1.0 No README data
6 verbose readDependencies using package.json deps
7 verbose cache add [ 'nw-global', null ]
8 verbose cache add name=undefined spec="nw-global" args=["nw-global",null]
9 verbose parsed url { protocol: null,
9 verbose parsed url   slashes: null,
9 verbose parsed url   auth: null,
9 verbose parsed url   host: null,
9 verbose parsed url   port: null,
9 verbose parsed url   hostname: null,
9 verbose parsed url   hash: null,
9 verbose parsed url   search: null,
9 verbose parsed url   query: null,
9 verbose parsed url   pathname: 'nw-global',
9 verbose parsed url   path: 'nw-global',
9 verbose parsed url   href: 'nw-global' }
10 silly lockFile 71e37301-nw-global nw-global
11 verbose lock nw-global /Users/cashrox/.npm/71e37301-nw-global.lock
12 silly lockFile 71e37301-nw-global nw-global
13 silly lockFile 71e37301-nw-global nw-global
14 verbose addNamed [ 'nw-global', '' ]
15 verbose addNamed [ null, '*' ]
16 silly lockFile ec3f3077-nw-global nw-global@
17 verbose lock nw-global@ /Users/cashrox/.npm/ec3f3077-nw-global.lock
18 silly addNameRange { name: 'nw-global', range: '*', hasData: false }
19 verbose request where is /nw-global
20 verbose request registry https://registry.npmjs.org/
21 verbose request id 9dce2cd78918bd92
22 verbose url raw /nw-global
23 verbose url resolving [ 'https://registry.npmjs.org/', './nw-global' ]
24 verbose url resolved https://registry.npmjs.org/nw-global
25 verbose request where is https://registry.npmjs.org/nw-global
26 info trying registry request attempt 1 at 19:26:07
27 http GET https://registry.npmjs.org/nw-global
28 http 404 https://registry.npmjs.org/nw-global
29 verbose headers { date: 'Sun, 23 Nov 2014 21:26:08 GMT',
29 verbose headers   server: 'CouchDB/1.5.0 (Erlang OTP/R16B03)',
29 verbose headers   'content-type': 'application/json',
29 verbose headers   'cache-control': 'max-age=0',
29 verbose headers   'content-length': '52',
29 verbose headers   'accept-ranges': 'bytes',
29 verbose headers   via: '1.1 varnish',
29 verbose headers   age: '0',
29 verbose headers   'x-served-by': 'cache-jfk1031-JFK',
29 verbose headers   'x-cache': 'MISS',
29 verbose headers   'x-cache-hits': '0',
29 verbose headers   'x-timer': 'S1416777968.022984,VS0,VE358',
29 verbose headers   'keep-alive': 'timeout=10, max=50',
29 verbose headers   connection: 'Keep-Alive' }
30 silly registry.get cb [ 404,
30 silly registry.get   { date: 'Sun, 23 Nov 2014 21:26:08 GMT',
30 silly registry.get     server: 'CouchDB/1.5.0 (Erlang OTP/R16B03)',
30 silly registry.get     'content-type': 'application/json',
30 silly registry.get     'cache-control': 'max-age=0',
30 silly registry.get     'content-length': '52',
30 silly registry.get     'accept-ranges': 'bytes',
30 silly registry.get     via: '1.1 varnish',
30 silly registry.get     age: '0',
30 silly registry.get     'x-served-by': 'cache-jfk1031-JFK',
30 silly registry.get     'x-cache': 'MISS',
30 silly registry.get     'x-cache-hits': '0',
30 silly registry.get     'x-timer': 'S1416777968.022984,VS0,VE358',
30 silly registry.get     'keep-alive': 'timeout=10, max=50',
30 silly registry.get     connection: 'Keep-Alive' } ]
31 silly lockFile ec3f3077-nw-global nw-global@
32 silly lockFile ec3f3077-nw-global nw-global@
33 error 404 404 Not Found: nw-global
33 error 404
33 error 404 'nw-global' is not in the npm registry.
33 error 404 You should bug the author to publish it
33 error 404 It was specified as a dependency of 'break-shot'
33 error 404
33 error 404 Note that you can also install from a
33 error 404 tarball, folder, or http url, or git url.
34 error System Darwin 13.4.0
35 error command "/usr/local/bin/node" "/usr/local/bin/npm" "install" "nw-global"
36 error cwd /Users/cashrox/workspace/break-shot/public
37 error node -v v0.10.32
38 error npm -v 1.4.28
39 error code E404
40 verbose exit [ 1, true ]
